# Logfile created on 2017-07-24 15:12:29 +0530 by logger.rb/47272
I, [2017-07-24T16:09:54.236473 #3367]  INFO -- : 2017-07-24T16:09:54+0530: [Worker(host:Apples-MacBook-Pro-3.local pid:3367)] Starting job worker
I, [2017-07-24T16:10:54.391863 #3367]  INFO -- : 2017-07-24T16:10:54+0530: [Worker(host:Apples-MacBook-Pro-3.local pid:3367)] Job SalesforceLeadJob (id=1) (queue=default) RUNNING
E, [2017-07-24T16:10:54.434279 #3367] ERROR -- : 2017-07-24T16:10:54+0530: [Worker(host:Apples-MacBook-Pro-3.local pid:3367)] Job SalesforceLeadJob (id=1) (queue=default) FAILED (0 prior attempts) with NameError: undefined local variable or method `user' for #<SalesforceLeadJob:0x007fc8c4ca3f48>
I, [2017-07-24T16:10:54.447058 #3367]  INFO -- : 2017-07-24T16:10:54+0530: [Worker(host:Apples-MacBook-Pro-3.local pid:3367)] 1 jobs processed at 7.4140 j/s, 1 failed
I, [2017-07-24T16:11:54.477465 #3367]  INFO -- : 2017-07-24T16:11:54+0530: [Worker(host:Apples-MacBook-Pro-3.local pid:3367)] Job SalesforceLeadJob (id=1) (queue=default) RUNNING
E, [2017-07-24T16:11:57.546040 #3367] ERROR -- : 2017-07-24T16:11:57+0530: [Worker(host:Apples-MacBook-Pro-3.local pid:3367)] Job SalesforceLeadJob (id=1) (queue=default) FAILED (1 prior attempts) with ArgumentError: Specified external ID field missing from provided attributes
I, [2017-07-24T16:11:57.580850 #3367]  INFO -- : 2017-07-24T16:11:57+0530: [Worker(host:Apples-MacBook-Pro-3.local pid:3367)] 1 jobs processed at 0.3216 j/s, 1 failed
I, [2017-07-24T16:12:57.764658 #3367]  INFO -- : 2017-07-24T16:12:57+0530: [Worker(host:Apples-MacBook-Pro-3.local pid:3367)] Job SalesforceLeadJob (id=1) (queue=default) RUNNING
E, [2017-07-24T16:13:04.073077 #3367] ERROR -- : 2017-07-24T16:13:04+0530: [Worker(host:Apples-MacBook-Pro-3.local pid:3367)] Job SalesforceLeadJob (id=1) (queue=default) FAILED (2 prior attempts) with ArgumentError: Specified external ID field missing from provided attributes
E, [2017-07-24T16:13:04.074238 #3367] ERROR -- : 2017-07-24T16:13:04+0530: [Worker(host:Apples-MacBook-Pro-3.local pid:3367)] Job SalesforceLeadJob (id=1) (queue=default) REMOVED permanently because of 3 consecutive failures
I, [2017-07-24T16:13:04.090715 #3367]  INFO -- : 2017-07-24T16:13:04+0530: [Worker(host:Apples-MacBook-Pro-3.local pid:3367)] 1 jobs processed at 0.1561 j/s, 1 failed
I, [2017-07-24T16:14:04.137911 #3367]  INFO -- : 2017-07-24T16:14:04+0530: [Worker(host:Apples-MacBook-Pro-3.local pid:3367)] Job SalesforceLeadJob (id=2) (queue=default) RUNNING
I, [2017-07-24T16:14:10.832199 #3367]  INFO -- : 2017-07-24T16:14:10+0530: [Worker(host:Apples-MacBook-Pro-3.local pid:3367)] Job SalesforceLeadJob (id=2) (queue=default) COMPLETED after 6.6942
I, [2017-07-24T16:14:10.835976 #3367]  INFO -- : 2017-07-24T16:14:10+0530: [Worker(host:Apples-MacBook-Pro-3.local pid:3367)] Job SalesforceLeadJob (id=3) (queue=default) RUNNING
E, [2017-07-24T16:14:13.080855 #3367] ERROR -- : 2017-07-24T16:14:13+0530: [Worker(host:Apples-MacBook-Pro-3.local pid:3367)] Job SalesforceLeadJob (id=3) (queue=default) FAILED (0 prior attempts) with ArgumentError: Specified external ID field missing from provided attributes
I, [2017-07-24T16:14:13.092465 #3367]  INFO -- : 2017-07-24T16:14:13+0530: [Worker(host:Apples-MacBook-Pro-3.local pid:3367)] 2 jobs processed at 0.2227 j/s, 1 failed
I, [2017-07-24T16:15:13.115903 #3367]  INFO -- : 2017-07-24T16:15:13+0530: [Worker(host:Apples-MacBook-Pro-3.local pid:3367)] Job SalesforceLeadJob (id=3) (queue=default) RUNNING
E, [2017-07-24T16:15:15.886742 #3367] ERROR -- : 2017-07-24T16:15:15+0530: [Worker(host:Apples-MacBook-Pro-3.local pid:3367)] Job SalesforceLeadJob (id=3) (queue=default) FAILED (1 prior attempts) with ArgumentError: Specified external ID field missing from provided attributes
I, [2017-07-24T16:15:15.899684 #3367]  INFO -- : 2017-07-24T16:15:15+0530: [Worker(host:Apples-MacBook-Pro-3.local pid:3367)] 1 jobs processed at 0.3584 j/s, 1 failed
I, [2017-07-24T16:15:20.502099 #3367]  INFO -- : 2017-07-24T16:15:20+0530: [Worker(host:Apples-MacBook-Pro-3.local pid:3367)] Exiting...
I, [2017-07-24T16:16:13.272671 #3367]  INFO -- : 2017-07-24T16:16:13+0530: [Worker(host:Apples-MacBook-Pro-3.local pid:3367)] Exiting...
I, [2017-07-24T16:16:27.557404 #3418]  INFO -- : 2017-07-24T16:16:27+0530: [Worker(host:Apples-MacBook-Pro-3.local pid:3418)] Starting job worker
I, [2017-07-24T16:16:27.682374 #3418]  INFO -- : 2017-07-24T16:16:27+0530: [Worker(host:Apples-MacBook-Pro-3.local pid:3418)] Job SalesforceLeadJob (id=3) (queue=default) RUNNING
E, [2017-07-24T16:16:28.842836 #3418] ERROR -- : 2017-07-24T16:16:28+0530: [Worker(host:Apples-MacBook-Pro-3.local pid:3418)] Job SalesforceLeadJob (id=3) (queue=default) FAILED (2 prior attempts) with ArgumentError: Specified external ID field missing from provided attributes
E, [2017-07-24T16:16:28.843796 #3418] ERROR -- : 2017-07-24T16:16:28+0530: [Worker(host:Apples-MacBook-Pro-3.local pid:3418)] Job SalesforceLeadJob (id=3) (queue=default) REMOVED permanently because of 3 consecutive failures
I, [2017-07-24T16:16:28.868564 #3418]  INFO -- : 2017-07-24T16:16:28+0530: [Worker(host:Apples-MacBook-Pro-3.local pid:3418)] 1 jobs processed at 0.7628 j/s, 1 failed
I, [2017-07-24T16:17:28.893583 #3418]  INFO -- : 2017-07-24T16:17:28+0530: [Worker(host:Apples-MacBook-Pro-3.local pid:3418)] Job SalesforceLeadJob (id=4) (queue=default) RUNNING
E, [2017-07-24T16:17:30.102206 #3418] ERROR -- : 2017-07-24T16:17:30+0530: [Worker(host:Apples-MacBook-Pro-3.local pid:3418)] Job SalesforceLeadJob (id=4) (queue=default) FAILED (0 prior attempts) with ArgumentError: Specified external ID field missing from provided attributes
I, [2017-07-24T16:17:30.114169 #3418]  INFO -- : 2017-07-24T16:17:30+0530: [Worker(host:Apples-MacBook-Pro-3.local pid:3418)] 1 jobs processed at 0.8157 j/s, 1 failed
I, [2017-07-24T16:18:30.143429 #3418]  INFO -- : 2017-07-24T16:18:30+0530: [Worker(host:Apples-MacBook-Pro-3.local pid:3418)] Job SalesforceLeadJob (id=4) (queue=default) RUNNING
E, [2017-07-24T16:18:31.081930 #3418] ERROR -- : 2017-07-24T16:18:31+0530: [Worker(host:Apples-MacBook-Pro-3.local pid:3418)] Job SalesforceLeadJob (id=4) (queue=default) FAILED (1 prior attempts) with ArgumentError: Specified external ID field missing from provided attributes
I, [2017-07-24T16:18:31.111191 #3418]  INFO -- : 2017-07-24T16:18:31+0530: [Worker(host:Apples-MacBook-Pro-3.local pid:3418)] 1 jobs processed at 1.0270 j/s, 1 failed
I, [2017-07-24T16:19:31.152108 #3418]  INFO -- : 2017-07-24T16:19:31+0530: [Worker(host:Apples-MacBook-Pro-3.local pid:3418)] Job SalesforceLeadJob (id=4) (queue=default) RUNNING
E, [2017-07-24T16:19:32.048667 #3418] ERROR -- : 2017-07-24T16:19:32+0530: [Worker(host:Apples-MacBook-Pro-3.local pid:3418)] Job SalesforceLeadJob (id=4) (queue=default) FAILED (2 prior attempts) with ArgumentError: Specified external ID field missing from provided attributes
E, [2017-07-24T16:19:32.049787 #3418] ERROR -- : 2017-07-24T16:19:32+0530: [Worker(host:Apples-MacBook-Pro-3.local pid:3418)] Job SalesforceLeadJob (id=4) (queue=default) REMOVED permanently because of 3 consecutive failures
I, [2017-07-24T16:19:32.058730 #3418]  INFO -- : 2017-07-24T16:19:32+0530: [Worker(host:Apples-MacBook-Pro-3.local pid:3418)] 1 jobs processed at 1.0792 j/s, 1 failed
I, [2017-07-24T16:22:32.204857 #3418]  INFO -- : 2017-07-24T16:22:32+0530: [Worker(host:Apples-MacBook-Pro-3.local pid:3418)] Job SalesforceLeadJob (id=5) (queue=default) RUNNING
I, [2017-07-24T16:22:34.798173 #3418]  INFO -- : 2017-07-24T16:22:34+0530: [Worker(host:Apples-MacBook-Pro-3.local pid:3418)] Job SalesforceLeadJob (id=5) (queue=default) COMPLETED after 2.5932
I, [2017-07-24T16:22:34.811135 #3418]  INFO -- : 2017-07-24T16:22:34+0530: [Worker(host:Apples-MacBook-Pro-3.local pid:3418)] Job SalesforceLeadJob (id=6) (queue=default) RUNNING
E, [2017-07-24T16:22:35.641914 #3418] ERROR -- : 2017-07-24T16:22:35+0530: [Worker(host:Apples-MacBook-Pro-3.local pid:3418)] Job SalesforceLeadJob (id=6) (queue=default) FAILED (0 prior attempts) with ArgumentError: Specified external ID field missing from provided attributes
I, [2017-07-24T16:22:35.652829 #3418]  INFO -- : 2017-07-24T16:22:35+0530: [Worker(host:Apples-MacBook-Pro-3.local pid:3418)] 2 jobs processed at 0.5791 j/s, 1 failed
I, [2017-07-24T16:23:35.681648 #3418]  INFO -- : 2017-07-24T16:23:35+0530: [Worker(host:Apples-MacBook-Pro-3.local pid:3418)] Job SalesforceLeadJob (id=6) (queue=default) RUNNING
E, [2017-07-24T16:23:36.720023 #3418] ERROR -- : 2017-07-24T16:23:36+0530: [Worker(host:Apples-MacBook-Pro-3.local pid:3418)] Job SalesforceLeadJob (id=6) (queue=default) FAILED (1 prior attempts) with ArgumentError: Specified external ID field missing from provided attributes
I, [2017-07-24T16:23:36.732325 #3418]  INFO -- : 2017-07-24T16:23:36+0530: [Worker(host:Apples-MacBook-Pro-3.local pid:3418)] 1 jobs processed at 0.9459 j/s, 1 failed
I, [2017-07-24T16:24:36.759541 #3418]  INFO -- : 2017-07-24T16:24:36+0530: [Worker(host:Apples-MacBook-Pro-3.local pid:3418)] Job SalesforceLeadJob (id=6) (queue=default) RUNNING
E, [2017-07-24T16:24:37.791891 #3418] ERROR -- : 2017-07-24T16:24:37+0530: [Worker(host:Apples-MacBook-Pro-3.local pid:3418)] Job SalesforceLeadJob (id=6) (queue=default) FAILED (2 prior attempts) with ArgumentError: Specified external ID field missing from provided attributes
E, [2017-07-24T16:24:37.793077 #3418] ERROR -- : 2017-07-24T16:24:37+0530: [Worker(host:Apples-MacBook-Pro-3.local pid:3418)] Job SalesforceLeadJob (id=6) (queue=default) REMOVED permanently because of 3 consecutive failures
I, [2017-07-24T16:24:37.801779 #3418]  INFO -- : 2017-07-24T16:24:37+0530: [Worker(host:Apples-MacBook-Pro-3.local pid:3418)] 1 jobs processed at 0.9543 j/s, 1 failed
I, [2017-07-24T16:40:43.118590 #3941]  INFO -- : 2017-07-24T16:40:43+0530: [Worker(host:Apples-MacBook-Pro-3.local pid:3941)] Starting job worker
I, [2017-07-24T16:40:43.178962 #3941]  INFO -- : 2017-07-24T16:40:43+0530: [Worker(host:Apples-MacBook-Pro-3.local pid:3941)] Job SalesforceLeadJob (id=7) (queue=default) RUNNING
E, [2017-07-24T16:40:43.185770 #3941] ERROR -- : 2017-07-24T16:40:43+0530: [Worker(host:Apples-MacBook-Pro-3.local pid:3941)] Job SalesforceLeadJob (id=7) (queue=default) FAILED (0 prior attempts) with NoMethodError: undefined method `update' for nil:NilClass
I, [2017-07-24T16:40:43.219609 #3941]  INFO -- : 2017-07-24T16:40:43+0530: [Worker(host:Apples-MacBook-Pro-3.local pid:3941)] Job SalesforceLeadJob (id=8) (queue=default) RUNNING
E, [2017-07-24T16:40:43.222207 #3941] ERROR -- : 2017-07-24T16:40:43+0530: [Worker(host:Apples-MacBook-Pro-3.local pid:3941)] Job SalesforceLeadJob (id=8) (queue=default) FAILED (0 prior attempts) with NoMethodError: undefined method `update' for nil:NilClass
I, [2017-07-24T16:40:43.249906 #3941]  INFO -- : 2017-07-24T16:40:43+0530: [Worker(host:Apples-MacBook-Pro-3.local pid:3941)] Job SalesforceLeadJob (id=9) (queue=default) RUNNING
E, [2017-07-24T16:40:46.514607 #3941] ERROR -- : 2017-07-24T16:40:46+0530: [Worker(host:Apples-MacBook-Pro-3.local pid:3941)] Job SalesforceLeadJob (id=9) (queue=default) FAILED (0 prior attempts) with ArgumentError: Specified external ID field missing from provided attributes
I, [2017-07-24T16:40:46.544816 #3941]  INFO -- : 2017-07-24T16:40:46+0530: [Worker(host:Apples-MacBook-Pro-3.local pid:3941)] Job SalesforceLeadJob (id=10) (queue=default) RUNNING
E, [2017-07-24T16:40:50.102329 #3941] ERROR -- : 2017-07-24T16:40:50+0530: [Worker(host:Apples-MacBook-Pro-3.local pid:3941)] Job SalesforceLeadJob (id=10) (queue=default) FAILED (0 prior attempts) with ArgumentError: Specified external ID field missing from provided attributes
I, [2017-07-24T16:40:50.120363 #3941]  INFO -- : 2017-07-24T16:40:50+0530: [Worker(host:Apples-MacBook-Pro-3.local pid:3941)] Job SalesforceLeadJob (id=11) (queue=default) RUNNING
E, [2017-07-24T16:40:54.101321 #3941] ERROR -- : 2017-07-24T16:40:54+0530: [Worker(host:Apples-MacBook-Pro-3.local pid:3941)] Job SalesforceLeadJob (id=11) (queue=default) FAILED (0 prior attempts) with ArgumentError: Specified external ID field missing from provided attributes
I, [2017-07-24T16:40:54.123854 #3941]  INFO -- : 2017-07-24T16:40:54+0530: [Worker(host:Apples-MacBook-Pro-3.local pid:3941)] Job SalesforceLeadJob (id=12) (queue=default) RUNNING
E, [2017-07-24T16:40:56.325031 #3941] ERROR -- : 2017-07-24T16:40:56+0530: [Worker(host:Apples-MacBook-Pro-3.local pid:3941)] Job SalesforceLeadJob (id=12) (queue=default) FAILED (0 prior attempts) with ArgumentError: Specified external ID field missing from provided attributes
I, [2017-07-24T16:40:56.338909 #3941]  INFO -- : 2017-07-24T16:40:56+0530: [Worker(host:Apples-MacBook-Pro-3.local pid:3941)] Job SalesforceLeadJob (id=13) (queue=default) RUNNING
E, [2017-07-24T16:40:59.618999 #3941] ERROR -- : 2017-07-24T16:40:59+0530: [Worker(host:Apples-MacBook-Pro-3.local pid:3941)] Job SalesforceLeadJob (id=13) (queue=default) FAILED (0 prior attempts) with ArgumentError: Specified external ID field missing from provided attributes
I, [2017-07-24T16:40:59.633062 #3941]  INFO -- : 2017-07-24T16:40:59+0530: [Worker(host:Apples-MacBook-Pro-3.local pid:3941)] Job SalesforceLeadJob (id=14) (queue=default) RUNNING
I, [2017-07-24T16:41:03.487681 #3941]  INFO -- : 2017-07-24T16:41:03+0530: [Worker(host:Apples-MacBook-Pro-3.local pid:3941)] Job SalesforceLeadJob (id=14) (queue=default) COMPLETED after 3.8545
I, [2017-07-24T16:41:03.491342 #3941]  INFO -- : 2017-07-24T16:41:03+0530: [Worker(host:Apples-MacBook-Pro-3.local pid:3941)] Job SalesforceLeadJob (id=15) (queue=default) RUNNING
E, [2017-07-24T16:41:05.485067 #3941] ERROR -- : 2017-07-24T16:41:05+0530: [Worker(host:Apples-MacBook-Pro-3.local pid:3941)] Job SalesforceLeadJob (id=15) (queue=default) FAILED (0 prior attempts) with ArgumentError: Specified external ID field missing from provided attributes
I, [2017-07-24T16:41:05.498832 #3941]  INFO -- : 2017-07-24T16:41:05+0530: [Worker(host:Apples-MacBook-Pro-3.local pid:3941)] Job SalesforceLeadJob (id=16) (queue=default) RUNNING
I, [2017-07-24T16:41:07.278641 #3941]  INFO -- : 2017-07-24T16:41:07+0530: [Worker(host:Apples-MacBook-Pro-3.local pid:3941)] Job SalesforceLeadJob (id=16) (queue=default) COMPLETED after 1.7797
I, [2017-07-24T16:41:07.282493 #3941]  INFO -- : 2017-07-24T16:41:07+0530: [Worker(host:Apples-MacBook-Pro-3.local pid:3941)] Job SalesforceLeadJob (id=7) (queue=default) RUNNING
E, [2017-07-24T16:41:07.285258 #3941] ERROR -- : 2017-07-24T16:41:07+0530: [Worker(host:Apples-MacBook-Pro-3.local pid:3941)] Job SalesforceLeadJob (id=7) (queue=default) FAILED (1 prior attempts) with NoMethodError: undefined method `update' for nil:NilClass
I, [2017-07-24T16:41:07.297112 #3941]  INFO -- : 2017-07-24T16:41:07+0530: [Worker(host:Apples-MacBook-Pro-3.local pid:3941)] Job SalesforceLeadJob (id=8) (queue=default) RUNNING
E, [2017-07-24T16:41:07.299587 #3941] ERROR -- : 2017-07-24T16:41:07+0530: [Worker(host:Apples-MacBook-Pro-3.local pid:3941)] Job SalesforceLeadJob (id=8) (queue=default) FAILED (1 prior attempts) with NoMethodError: undefined method `update' for nil:NilClass
I, [2017-07-24T16:41:07.310310 #3941]  INFO -- : 2017-07-24T16:41:07+0530: [Worker(host:Apples-MacBook-Pro-3.local pid:3941)] Job SalesforceLeadJob (id=9) (queue=default) RUNNING
E, [2017-07-24T16:41:11.951621 #3941] ERROR -- : 2017-07-24T16:41:11+0530: [Worker(host:Apples-MacBook-Pro-3.local pid:3941)] Job SalesforceLeadJob (id=9) (queue=default) FAILED (1 prior attempts) with ArgumentError: Specified external ID field missing from provided attributes
I, [2017-07-24T16:41:11.965433 #3941]  INFO -- : 2017-07-24T16:41:11+0530: [Worker(host:Apples-MacBook-Pro-3.local pid:3941)] Job SalesforceLeadJob (id=10) (queue=default) RUNNING
E, [2017-07-24T16:41:12.906679 #3941] ERROR -- : 2017-07-24T16:41:12+0530: [Worker(host:Apples-MacBook-Pro-3.local pid:3941)] Job SalesforceLeadJob (id=10) (queue=default) FAILED (1 prior attempts) with ArgumentError: Specified external ID field missing from provided attributes
I, [2017-07-24T16:41:12.919480 #3941]  INFO -- : 2017-07-24T16:41:12+0530: [Worker(host:Apples-MacBook-Pro-3.local pid:3941)] Job SalesforceLeadJob (id=11) (queue=default) RUNNING
E, [2017-07-24T16:41:16.403449 #3941] ERROR -- : 2017-07-24T16:41:16+0530: [Worker(host:Apples-MacBook-Pro-3.local pid:3941)] Job SalesforceLeadJob (id=11) (queue=default) FAILED (1 prior attempts) with ArgumentError: Specified external ID field missing from provided attributes
I, [2017-07-24T16:41:16.416000 #3941]  INFO -- : 2017-07-24T16:41:16+0530: [Worker(host:Apples-MacBook-Pro-3.local pid:3941)] Job SalesforceLeadJob (id=12) (queue=default) RUNNING
E, [2017-07-24T16:41:21.418389 #3941] ERROR -- : 2017-07-24T16:41:21+0530: [Worker(host:Apples-MacBook-Pro-3.local pid:3941)] Job SalesforceLeadJob (id=12) (queue=default) FAILED (1 prior attempts) with ArgumentError: Specified external ID field missing from provided attributes
I, [2017-07-24T16:41:21.432063 #3941]  INFO -- : 2017-07-24T16:41:21+0530: [Worker(host:Apples-MacBook-Pro-3.local pid:3941)] Job SalesforceLeadJob (id=13) (queue=default) RUNNING
E, [2017-07-24T16:41:24.191276 #3941] ERROR -- : 2017-07-24T16:41:24+0530: [Worker(host:Apples-MacBook-Pro-3.local pid:3941)] Job SalesforceLeadJob (id=13) (queue=default) FAILED (1 prior attempts) with ArgumentError: Specified external ID field missing from provided attributes
I, [2017-07-24T16:41:24.203477 #3941]  INFO -- : 2017-07-24T16:41:24+0530: [Worker(host:Apples-MacBook-Pro-3.local pid:3941)] Job SalesforceLeadJob (id=15) (queue=default) RUNNING
E, [2017-07-24T16:41:26.251370 #3941] ERROR -- : 2017-07-24T16:41:26+0530: [Worker(host:Apples-MacBook-Pro-3.local pid:3941)] Job SalesforceLeadJob (id=15) (queue=default) FAILED (1 prior attempts) with ArgumentError: Specified external ID field missing from provided attributes
I, [2017-07-24T16:41:26.262724 #3941]  INFO -- : 2017-07-24T16:41:26+0530: [Worker(host:Apples-MacBook-Pro-3.local pid:3941)] 18 jobs processed at 0.4172 j/s, 16 failed
I, [2017-07-24T16:42:26.291771 #3941]  INFO -- : 2017-07-24T16:42:26+0530: [Worker(host:Apples-MacBook-Pro-3.local pid:3941)] Job SalesforceLeadJob (id=7) (queue=default) RUNNING
E, [2017-07-24T16:42:26.297834 #3941] ERROR -- : 2017-07-24T16:42:26+0530: [Worker(host:Apples-MacBook-Pro-3.local pid:3941)] Job SalesforceLeadJob (id=7) (queue=default) FAILED (2 prior attempts) with NoMethodError: undefined method `update' for nil:NilClass
E, [2017-07-24T16:42:26.298580 #3941] ERROR -- : 2017-07-24T16:42:26+0530: [Worker(host:Apples-MacBook-Pro-3.local pid:3941)] Job SalesforceLeadJob (id=7) (queue=default) REMOVED permanently because of 3 consecutive failures
I, [2017-07-24T16:42:26.307064 #3941]  INFO -- : 2017-07-24T16:42:26+0530: [Worker(host:Apples-MacBook-Pro-3.local pid:3941)] Job SalesforceLeadJob (id=8) (queue=default) RUNNING
E, [2017-07-24T16:42:26.309417 #3941] ERROR -- : 2017-07-24T16:42:26+0530: [Worker(host:Apples-MacBook-Pro-3.local pid:3941)] Job SalesforceLeadJob (id=8) (queue=default) FAILED (2 prior attempts) with NoMethodError: undefined method `update' for nil:NilClass
E, [2017-07-24T16:42:26.310201 #3941] ERROR -- : 2017-07-24T16:42:26+0530: [Worker(host:Apples-MacBook-Pro-3.local pid:3941)] Job SalesforceLeadJob (id=8) (queue=default) REMOVED permanently because of 3 consecutive failures
I, [2017-07-24T16:42:26.318868 #3941]  INFO -- : 2017-07-24T16:42:26+0530: [Worker(host:Apples-MacBook-Pro-3.local pid:3941)] Job SalesforceLeadJob (id=9) (queue=default) RUNNING
E, [2017-07-24T16:42:27.883649 #3941] ERROR -- : 2017-07-24T16:42:27+0530: [Worker(host:Apples-MacBook-Pro-3.local pid:3941)] Job SalesforceLeadJob (id=9) (queue=default) FAILED (2 prior attempts) with ArgumentError: Specified external ID field missing from provided attributes
E, [2017-07-24T16:42:27.884702 #3941] ERROR -- : 2017-07-24T16:42:27+0530: [Worker(host:Apples-MacBook-Pro-3.local pid:3941)] Job SalesforceLeadJob (id=9) (queue=default) REMOVED permanently because of 3 consecutive failures
I, [2017-07-24T16:42:27.895062 #3941]  INFO -- : 2017-07-24T16:42:27+0530: [Worker(host:Apples-MacBook-Pro-3.local pid:3941)] Job SalesforceLeadJob (id=10) (queue=default) RUNNING
E, [2017-07-24T16:42:29.129678 #3941] ERROR -- : 2017-07-24T16:42:29+0530: [Worker(host:Apples-MacBook-Pro-3.local pid:3941)] Job SalesforceLeadJob (id=10) (queue=default) FAILED (2 prior attempts) with ArgumentError: Specified external ID field missing from provided attributes
E, [2017-07-24T16:42:29.131237 #3941] ERROR -- : 2017-07-24T16:42:29+0530: [Worker(host:Apples-MacBook-Pro-3.local pid:3941)] Job SalesforceLeadJob (id=10) (queue=default) REMOVED permanently because of 3 consecutive failures
I, [2017-07-24T16:42:29.140813 #3941]  INFO -- : 2017-07-24T16:42:29+0530: [Worker(host:Apples-MacBook-Pro-3.local pid:3941)] Job SalesforceLeadJob (id=11) (queue=default) RUNNING
E, [2017-07-24T16:42:29.914061 #3941] ERROR -- : 2017-07-24T16:42:29+0530: [Worker(host:Apples-MacBook-Pro-3.local pid:3941)] Job SalesforceLeadJob (id=11) (queue=default) FAILED (2 prior attempts) with ArgumentError: Specified external ID field missing from provided attributes
E, [2017-07-24T16:42:29.915063 #3941] ERROR -- : 2017-07-24T16:42:29+0530: [Worker(host:Apples-MacBook-Pro-3.local pid:3941)] Job SalesforceLeadJob (id=11) (queue=default) REMOVED permanently because of 3 consecutive failures
I, [2017-07-24T16:42:29.925327 #3941]  INFO -- : 2017-07-24T16:42:29+0530: [Worker(host:Apples-MacBook-Pro-3.local pid:3941)] Job SalesforceLeadJob (id=12) (queue=default) RUNNING
E, [2017-07-24T16:42:30.739934 #3941] ERROR -- : 2017-07-24T16:42:30+0530: [Worker(host:Apples-MacBook-Pro-3.local pid:3941)] Job SalesforceLeadJob (id=12) (queue=default) FAILED (2 prior attempts) with ArgumentError: Specified external ID field missing from provided attributes
E, [2017-07-24T16:42:30.740995 #3941] ERROR -- : 2017-07-24T16:42:30+0530: [Worker(host:Apples-MacBook-Pro-3.local pid:3941)] Job SalesforceLeadJob (id=12) (queue=default) REMOVED permanently because of 3 consecutive failures
I, [2017-07-24T16:42:30.751318 #3941]  INFO -- : 2017-07-24T16:42:30+0530: [Worker(host:Apples-MacBook-Pro-3.local pid:3941)] Job SalesforceLeadJob (id=13) (queue=default) RUNNING
E, [2017-07-24T16:42:30.763365 #3941] ERROR -- : 2017-07-24T16:42:30+0530: [Worker(host:Apples-MacBook-Pro-3.local pid:3941)] Job SalesforceLeadJob (id=13) (queue=default) FAILED (2 prior attempts) with ActiveRecord::RecordNotUnique: Mysql2::Error: Duplicate entry 'rutvij+5@idyllic.co' for key 'index_leads_on_email': INSERT INTO `leads` (`first_name`, `last_name`, `company`, `phone`, `email`, `status`, `created_at`, `updated_at`) VALUES ('delay', 'job 2', 'delayed job', '8237312819', 'rutvij+5@idyllic.co', 0, '2017-07-24 11:12:30.753032', '2017-07-24 11:12:30.753032')
E, [2017-07-24T16:42:30.764333 #3941] ERROR -- : 2017-07-24T16:42:30+0530: [Worker(host:Apples-MacBook-Pro-3.local pid:3941)] Job SalesforceLeadJob (id=13) (queue=default) REMOVED permanently because of 3 consecutive failures
I, [2017-07-24T16:42:30.775545 #3941]  INFO -- : 2017-07-24T16:42:30+0530: [Worker(host:Apples-MacBook-Pro-3.local pid:3941)] Job SalesforceLeadJob (id=15) (queue=default) RUNNING
E, [2017-07-24T16:42:31.577957 #3941] ERROR -- : 2017-07-24T16:42:31+0530: [Worker(host:Apples-MacBook-Pro-3.local pid:3941)] Job SalesforceLeadJob (id=15) (queue=default) FAILED (2 prior attempts) with ArgumentError: Specified external ID field missing from provided attributes
E, [2017-07-24T16:42:31.579002 #3941] ERROR -- : 2017-07-24T16:42:31+0530: [Worker(host:Apples-MacBook-Pro-3.local pid:3941)] Job SalesforceLeadJob (id=15) (queue=default) REMOVED permanently because of 3 consecutive failures
I, [2017-07-24T16:42:31.590065 #3941]  INFO -- : 2017-07-24T16:42:31+0530: [Worker(host:Apples-MacBook-Pro-3.local pid:3941)] 8 jobs processed at 1.5084 j/s, 8 failed
I, [2017-07-24T19:17:00.213324 #3941]  INFO -- : 2017-07-24T19:17:00+0530: [Worker(host:Apples-MacBook-Pro-3.local pid:3941)] Exiting...
I, [2017-07-24T19:52:53.094074 #4326]  INFO -- : 2017-07-24T19:52:53+0530: [Worker(host:Apples-MacBook-Pro-3.local pid:4326)] Starting job worker
I, [2017-07-24T19:54:53.228713 #4326]  INFO -- : 2017-07-24T19:54:53+0530: [Worker(host:Apples-MacBook-Pro-3.local pid:4326)] Job SalesforceLeadJob (id=17) (queue=default) RUNNING
E, [2017-07-24T19:54:56.949100 #4326] ERROR -- : 2017-07-24T19:54:56+0530: [Worker(host:Apples-MacBook-Pro-3.local pid:4326)] Job SalesforceLeadJob (id=17) (queue=default) FAILED (0 prior attempts) with NoMethodError: undefined method `where' for 2:Fixnum
I, [2017-07-24T19:54:56.961390 #4326]  INFO -- : 2017-07-24T19:54:56+0530: [Worker(host:Apples-MacBook-Pro-3.local pid:4326)] 1 jobs processed at 0.2633 j/s, 1 failed
I, [2017-07-24T19:55:56.986749 #4326]  INFO -- : 2017-07-24T19:55:56+0530: [Worker(host:Apples-MacBook-Pro-3.local pid:4326)] Job SalesforceLeadJob (id=17) (queue=default) RUNNING
E, [2017-07-24T19:55:57.981493 #4326] ERROR -- : 2017-07-24T19:55:57+0530: [Worker(host:Apples-MacBook-Pro-3.local pid:4326)] Job SalesforceLeadJob (id=17) (queue=default) FAILED (1 prior attempts) with ArgumentError: Specified external ID field missing from provided attributes
I, [2017-07-24T19:55:57.992550 #4326]  INFO -- : 2017-07-24T19:55:57+0530: [Worker(host:Apples-MacBook-Pro-3.local pid:4326)] 1 jobs processed at 0.9889 j/s, 1 failed
I, [2017-07-24T19:56:58.021116 #4326]  INFO -- : 2017-07-24T19:56:58+0530: [Worker(host:Apples-MacBook-Pro-3.local pid:4326)] Job SalesforceLeadJob (id=17) (queue=default) RUNNING
E, [2017-07-24T19:56:59.017810 #4326] ERROR -- : 2017-07-24T19:56:59+0530: [Worker(host:Apples-MacBook-Pro-3.local pid:4326)] Job SalesforceLeadJob (id=17) (queue=default) FAILED (2 prior attempts) with ArgumentError: Specified external ID field missing from provided attributes
E, [2017-07-24T19:56:59.018579 #4326] ERROR -- : 2017-07-24T19:56:59+0530: [Worker(host:Apples-MacBook-Pro-3.local pid:4326)] Job SalesforceLeadJob (id=17) (queue=default) REMOVED permanently because of 3 consecutive failures
I, [2017-07-24T19:56:59.025617 #4326]  INFO -- : 2017-07-24T19:56:59+0530: [Worker(host:Apples-MacBook-Pro-3.local pid:4326)] 1 jobs processed at 0.9893 j/s, 1 failed
I, [2017-07-24T19:57:59.056047 #4326]  INFO -- : 2017-07-24T19:57:59+0530: [Worker(host:Apples-MacBook-Pro-3.local pid:4326)] Job SalesforceLeadJob (id=18) (queue=default) RUNNING
E, [2017-07-24T19:58:01.585210 #4326] ERROR -- : 2017-07-24T19:58:01+0530: [Worker(host:Apples-MacBook-Pro-3.local pid:4326)] Job SalesforceLeadJob (id=18) (queue=default) FAILED (0 prior attempts) with NoMethodError: undefined method `where' for 3:Fixnum
I, [2017-07-24T19:58:01.604073 #4326]  INFO -- : 2017-07-24T19:58:01+0530: [Worker(host:Apples-MacBook-Pro-3.local pid:4326)] Job SalesforceLeadJob (id=19) (queue=default) RUNNING
E, [2017-07-24T19:58:02.585212 #4326] ERROR -- : 2017-07-24T19:58:02+0530: [Worker(host:Apples-MacBook-Pro-3.local pid:4326)] Job SalesforceLeadJob (id=19) (queue=default) FAILED (0 prior attempts) with ArgumentError: Specified external ID field missing from provided attributes
I, [2017-07-24T19:58:02.596479 #4326]  INFO -- : 2017-07-24T19:58:02+0530: [Worker(host:Apples-MacBook-Pro-3.local pid:4326)] 2 jobs processed at 0.5640 j/s, 2 failed
I, [2017-07-24T19:59:02.624622 #4326]  INFO -- : 2017-07-24T19:59:02+0530: [Worker(host:Apples-MacBook-Pro-3.local pid:4326)] Job SalesforceLeadJob (id=18) (queue=default) RUNNING
E, [2017-07-24T19:59:03.582573 #4326] ERROR -- : 2017-07-24T19:59:03+0530: [Worker(host:Apples-MacBook-Pro-3.local pid:4326)] Job SalesforceLeadJob (id=18) (queue=default) FAILED (1 prior attempts) with ArgumentError: Specified external ID field missing from provided attributes
I, [2017-07-24T19:59:03.599529 #4326]  INFO -- : 2017-07-24T19:59:03+0530: [Worker(host:Apples-MacBook-Pro-3.local pid:4326)] Job SalesforceLeadJob (id=19) (queue=default) RUNNING
E, [2017-07-24T19:59:04.547164 #4326] ERROR -- : 2017-07-24T19:59:04+0530: [Worker(host:Apples-MacBook-Pro-3.local pid:4326)] Job SalesforceLeadJob (id=19) (queue=default) FAILED (1 prior attempts) with ArgumentError: Specified external ID field missing from provided attributes
I, [2017-07-24T19:59:04.559593 #4326]  INFO -- : 2017-07-24T19:59:04+0530: [Worker(host:Apples-MacBook-Pro-3.local pid:4326)] 2 jobs processed at 1.0306 j/s, 2 failed
I, [2017-07-24T20:00:04.596066 #4326]  INFO -- : 2017-07-24T20:00:04+0530: [Worker(host:Apples-MacBook-Pro-3.local pid:4326)] Job SalesforceLeadJob (id=18) (queue=default) RUNNING
E, [2017-07-24T20:00:06.018971 #4326] ERROR -- : 2017-07-24T20:00:06+0530: [Worker(host:Apples-MacBook-Pro-3.local pid:4326)] Job SalesforceLeadJob (id=18) (queue=default) FAILED (2 prior attempts) with ArgumentError: Specified external ID field missing from provided attributes
E, [2017-07-24T20:00:06.019810 #4326] ERROR -- : 2017-07-24T20:00:06+0530: [Worker(host:Apples-MacBook-Pro-3.local pid:4326)] Job SalesforceLeadJob (id=18) (queue=default) REMOVED permanently because of 3 consecutive failures
I, [2017-07-24T20:00:06.029264 #4326]  INFO -- : 2017-07-24T20:00:06+0530: [Worker(host:Apples-MacBook-Pro-3.local pid:4326)] Job SalesforceLeadJob (id=19) (queue=default) RUNNING
E, [2017-07-24T20:00:06.964894 #4326] ERROR -- : 2017-07-24T20:00:06+0530: [Worker(host:Apples-MacBook-Pro-3.local pid:4326)] Job SalesforceLeadJob (id=19) (queue=default) FAILED (2 prior attempts) with ArgumentError: Specified external ID field missing from provided attributes
E, [2017-07-24T20:00:06.965801 #4326] ERROR -- : 2017-07-24T20:00:06+0530: [Worker(host:Apples-MacBook-Pro-3.local pid:4326)] Job SalesforceLeadJob (id=19) (queue=default) REMOVED permanently because of 3 consecutive failures
I, [2017-07-24T20:00:06.973341 #4326]  INFO -- : 2017-07-24T20:00:06+0530: [Worker(host:Apples-MacBook-Pro-3.local pid:4326)] 2 jobs processed at 0.8390 j/s, 2 failed
I, [2017-07-24T20:02:07.026373 #4326]  INFO -- : 2017-07-24T20:02:07+0530: [Worker(host:Apples-MacBook-Pro-3.local pid:4326)] Job SalesforceLeadJob (id=20) (queue=default) RUNNING
E, [2017-07-24T20:02:09.297683 #4326] ERROR -- : 2017-07-24T20:02:09+0530: [Worker(host:Apples-MacBook-Pro-3.local pid:4326)] Job SalesforceLeadJob (id=20) (queue=default) FAILED (0 prior attempts) with NoMethodError: undefined method `where' for 4:Fixnum
I, [2017-07-24T20:02:09.316002 #4326]  INFO -- : 2017-07-24T20:02:09+0530: [Worker(host:Apples-MacBook-Pro-3.local pid:4326)] Job SalesforceLeadJob (id=21) (queue=default) RUNNING
E, [2017-07-24T20:02:10.271126 #4326] ERROR -- : 2017-07-24T20:02:10+0530: [Worker(host:Apples-MacBook-Pro-3.local pid:4326)] Job SalesforceLeadJob (id=21) (queue=default) FAILED (0 prior attempts) with ArgumentError: Specified external ID field missing from provided attributes
I, [2017-07-24T20:02:10.287929 #4326]  INFO -- : 2017-07-24T20:02:10+0530: [Worker(host:Apples-MacBook-Pro-3.local pid:4326)] 2 jobs processed at 0.6121 j/s, 2 failed
I, [2017-07-24T20:03:10.316928 #4326]  INFO -- : 2017-07-24T20:03:10+0530: [Worker(host:Apples-MacBook-Pro-3.local pid:4326)] Job SalesforceLeadJob (id=20) (queue=default) RUNNING
E, [2017-07-24T20:03:11.302407 #4326] ERROR -- : 2017-07-24T20:03:11+0530: [Worker(host:Apples-MacBook-Pro-3.local pid:4326)] Job SalesforceLeadJob (id=20) (queue=default) FAILED (1 prior attempts) with ArgumentError: Specified external ID field missing from provided attributes
I, [2017-07-24T20:03:11.356509 #4326]  INFO -- : 2017-07-24T20:03:11+0530: [Worker(host:Apples-MacBook-Pro-3.local pid:4326)] Job SalesforceLeadJob (id=21) (queue=default) RUNNING
E, [2017-07-24T20:03:12.652243 #4326] ERROR -- : 2017-07-24T20:03:12+0530: [Worker(host:Apples-MacBook-Pro-3.local pid:4326)] Job SalesforceLeadJob (id=21) (queue=default) FAILED (1 prior attempts) with ArgumentError: Specified external ID field missing from provided attributes
I, [2017-07-24T20:03:12.665365 #4326]  INFO -- : 2017-07-24T20:03:12+0530: [Worker(host:Apples-MacBook-Pro-3.local pid:4326)] Job SalesforceLeadJob (id=22) (queue=default) RUNNING
E, [2017-07-24T20:03:15.065503 #4326] ERROR -- : 2017-07-24T20:03:15+0530: [Worker(host:Apples-MacBook-Pro-3.local pid:4326)] Job SalesforceLeadJob (id=22) (queue=default) FAILED (0 prior attempts) with NoMethodError: undefined method `where' for 5:Fixnum
I, [2017-07-24T20:03:15.076676 #4326]  INFO -- : 2017-07-24T20:03:15+0530: [Worker(host:Apples-MacBook-Pro-3.local pid:4326)] 3 jobs processed at 0.6296 j/s, 3 failed
I, [2017-07-24T20:04:15.103814 #4326]  INFO -- : 2017-07-24T20:04:15+0530: [Worker(host:Apples-MacBook-Pro-3.local pid:4326)] Job SalesforceLeadJob (id=22) (queue=default) RUNNING
E, [2017-07-24T20:04:16.025956 #4326] ERROR -- : 2017-07-24T20:04:16+0530: [Worker(host:Apples-MacBook-Pro-3.local pid:4326)] Job SalesforceLeadJob (id=22) (queue=default) FAILED (1 prior attempts) with ArgumentError: Specified external ID field missing from provided attributes
I, [2017-07-24T20:04:16.039251 #4326]  INFO -- : 2017-07-24T20:04:16+0530: [Worker(host:Apples-MacBook-Pro-3.local pid:4326)] Job SalesforceLeadJob (id=20) (queue=default) RUNNING
E, [2017-07-24T20:04:16.882509 #4326] ERROR -- : 2017-07-24T20:04:16+0530: [Worker(host:Apples-MacBook-Pro-3.local pid:4326)] Job SalesforceLeadJob (id=20) (queue=default) FAILED (2 prior attempts) with ArgumentError: Specified external ID field missing from provided attributes
E, [2017-07-24T20:04:16.883619 #4326] ERROR -- : 2017-07-24T20:04:16+0530: [Worker(host:Apples-MacBook-Pro-3.local pid:4326)] Job SalesforceLeadJob (id=20) (queue=default) REMOVED permanently because of 3 consecutive failures
I, [2017-07-24T20:04:16.893622 #4326]  INFO -- : 2017-07-24T20:04:16+0530: [Worker(host:Apples-MacBook-Pro-3.local pid:4326)] Job SalesforceLeadJob (id=21) (queue=default) RUNNING
E, [2017-07-24T20:04:17.814873 #4326] ERROR -- : 2017-07-24T20:04:17+0530: [Worker(host:Apples-MacBook-Pro-3.local pid:4326)] Job SalesforceLeadJob (id=21) (queue=default) FAILED (2 prior attempts) with ArgumentError: Specified external ID field missing from provided attributes
E, [2017-07-24T20:04:17.815708 #4326] ERROR -- : 2017-07-24T20:04:17+0530: [Worker(host:Apples-MacBook-Pro-3.local pid:4326)] Job SalesforceLeadJob (id=21) (queue=default) REMOVED permanently because of 3 consecutive failures
I, [2017-07-24T20:04:17.832927 #4326]  INFO -- : 2017-07-24T20:04:17+0530: [Worker(host:Apples-MacBook-Pro-3.local pid:4326)] 3 jobs processed at 1.0970 j/s, 3 failed
I, [2017-07-24T20:05:17.858914 #4326]  INFO -- : 2017-07-24T20:05:17+0530: [Worker(host:Apples-MacBook-Pro-3.local pid:4326)] Job SalesforceLeadJob (id=22) (queue=default) RUNNING
E, [2017-07-24T20:05:19.157182 #4326] ERROR -- : 2017-07-24T20:05:19+0530: [Worker(host:Apples-MacBook-Pro-3.local pid:4326)] Job SalesforceLeadJob (id=22) (queue=default) FAILED (2 prior attempts) with ArgumentError: Specified external ID field missing from provided attributes
E, [2017-07-24T20:05:19.157967 #4326] ERROR -- : 2017-07-24T20:05:19+0530: [Worker(host:Apples-MacBook-Pro-3.local pid:4326)] Job SalesforceLeadJob (id=22) (queue=default) REMOVED permanently because of 3 consecutive failures
I, [2017-07-24T20:05:19.165689 #4326]  INFO -- : 2017-07-24T20:05:19+0530: [Worker(host:Apples-MacBook-Pro-3.local pid:4326)] 1 jobs processed at 0.7621 j/s, 1 failed
I, [2017-07-24T20:14:19.397218 #4326]  INFO -- : 2017-07-24T20:14:19+0530: [Worker(host:Apples-MacBook-Pro-3.local pid:4326)] Job SalesforceLeadJob (id=23) (queue=default) RUNNING
I, [2017-07-24T20:14:22.390363 #4326]  INFO -- : 2017-07-24T20:14:22+0530: [Worker(host:Apples-MacBook-Pro-3.local pid:4326)] Job SalesforceLeadJob (id=23) (queue=default) COMPLETED after 2.9931
I, [2017-07-24T20:14:22.392179 #4326]  INFO -- : 2017-07-24T20:14:22+0530: [Worker(host:Apples-MacBook-Pro-3.local pid:4326)] 1 jobs processed at 0.3333 j/s, 0 failed
I, [2017-07-25T12:46:09.050727 #4326]  INFO -- : 2017-07-25T12:46:09+0530: [Worker(host:Apples-MacBook-Pro-3.local pid:4326)] Exiting...
I, [2017-07-25T12:47:44.610829 #5110]  INFO -- : 2017-07-25T12:47:44+0530: [Worker(host:Apples-MacBook-Pro-3.local pid:5110)] Starting job worker
I, [2017-07-25T12:48:44.712578 #5110]  INFO -- : 2017-07-25T12:48:44+0530: [Worker(host:Apples-MacBook-Pro-3.local pid:5110)] Job SalesforceLeadJob (id=24) (queue=default) RUNNING
I, [2017-07-25T12:48:49.730730 #5110]  INFO -- : 2017-07-25T12:48:49+0530: [Worker(host:Apples-MacBook-Pro-3.local pid:5110)] Job SalesforceLeadJob (id=24) (queue=default) COMPLETED after 5.0180
I, [2017-07-25T12:48:49.732626 #5110]  INFO -- : 2017-07-25T12:48:49+0530: [Worker(host:Apples-MacBook-Pro-3.local pid:5110)] 1 jobs processed at 0.1963 j/s, 0 failed
I, [2017-07-25T12:52:49.834710 #5110]  INFO -- : 2017-07-25T12:52:49+0530: [Worker(host:Apples-MacBook-Pro-3.local pid:5110)] Job SalesforceLeadJob (id=25) (queue=default) RUNNING
E, [2017-07-25T12:52:51.921884 #5110] ERROR -- : 2017-07-25T12:52:51+0530: [Worker(host:Apples-MacBook-Pro-3.local pid:5110)] Job SalesforceLeadJob (id=25) (queue=default) FAILED (0 prior attempts) with ArgumentError: Specified external ID field missing from provided attributes
I, [2017-07-25T12:52:51.933567 #5110]  INFO -- : 2017-07-25T12:52:51+0530: [Worker(host:Apples-MacBook-Pro-3.local pid:5110)] 1 jobs processed at 0.4753 j/s, 1 failed
I, [2017-07-25T12:53:51.960788 #5110]  INFO -- : 2017-07-25T12:53:51+0530: [Worker(host:Apples-MacBook-Pro-3.local pid:5110)] Job SalesforceLeadJob (id=25) (queue=default) RUNNING
E, [2017-07-25T12:53:53.454244 #5110] ERROR -- : 2017-07-25T12:53:53+0530: [Worker(host:Apples-MacBook-Pro-3.local pid:5110)] Job SalesforceLeadJob (id=25) (queue=default) FAILED (1 prior attempts) with ArgumentError: Specified external ID field missing from provided attributes
I, [2017-07-25T12:53:53.463710 #5110]  INFO -- : 2017-07-25T12:53:53+0530: [Worker(host:Apples-MacBook-Pro-3.local pid:5110)] 1 jobs processed at 0.6623 j/s, 1 failed
I, [2017-07-25T12:54:53.493144 #5110]  INFO -- : 2017-07-25T12:54:53+0530: [Worker(host:Apples-MacBook-Pro-3.local pid:5110)] Job SalesforceLeadJob (id=25) (queue=default) RUNNING
E, [2017-07-25T12:54:54.467030 #5110] ERROR -- : 2017-07-25T12:54:54+0530: [Worker(host:Apples-MacBook-Pro-3.local pid:5110)] Job SalesforceLeadJob (id=25) (queue=default) FAILED (2 prior attempts) with ArgumentError: Specified external ID field missing from provided attributes
E, [2017-07-25T12:54:54.468105 #5110] ERROR -- : 2017-07-25T12:54:54+0530: [Worker(host:Apples-MacBook-Pro-3.local pid:5110)] Job SalesforceLeadJob (id=25) (queue=default) REMOVED permanently because of 3 consecutive failures
I, [2017-07-25T12:54:54.477194 #5110]  INFO -- : 2017-07-25T12:54:54+0530: [Worker(host:Apples-MacBook-Pro-3.local pid:5110)] 1 jobs processed at 1.0102 j/s, 1 failed
I, [2017-07-25T12:58:55.271918 #5110]  INFO -- : 2017-07-25T12:58:55+0530: [Worker(host:Apples-MacBook-Pro-3.local pid:5110)] Exiting...
I, [2017-07-25T13:00:04.508417 #5253]  INFO -- : 2017-07-25T13:00:04+0530: [Worker(host:Apples-MacBook-Pro-3.local pid:5253)] Starting job worker
I, [2017-07-25T13:02:04.585627 #5253]  INFO -- : 2017-07-25T13:02:04+0530: [Worker(host:Apples-MacBook-Pro-3.local pid:5253)] Job SalesforceLeadJob (id=26) (queue=default) RUNNING
I, [2017-07-25T13:02:12.962767 #5253]  INFO -- : 2017-07-25T13:02:12+0530: [Worker(host:Apples-MacBook-Pro-3.local pid:5253)] Job SalesforceLeadJob (id=26) (queue=default) COMPLETED after 8.3770
I, [2017-07-25T13:02:12.964748 #5253]  INFO -- : 2017-07-25T13:02:12+0530: [Worker(host:Apples-MacBook-Pro-3.local pid:5253)] 1 jobs processed at 0.1191 j/s, 0 failed
I, [2017-07-25T13:17:36.609329 #5253]  INFO -- : 2017-07-25T13:17:36+0530: [Worker(host:Apples-MacBook-Pro-3.local pid:5253)] Exiting...
I, [2017-07-25T13:18:32.691157 #5383]  INFO -- : 2017-07-25T13:18:32+0530: [Worker(host:Apples-MacBook-Pro-3.local pid:5383)] Starting job worker
I, [2017-07-25T13:19:32.742514 #5383]  INFO -- : 2017-07-25T13:19:32+0530: [Worker(host:Apples-MacBook-Pro-3.local pid:5383)] Job SalesforceLeadJob (id=27) (queue=default) RUNNING
I, [2017-07-25T13:19:36.933395 #5383]  INFO -- : 2017-07-25T13:19:36+0530: [Worker(host:Apples-MacBook-Pro-3.local pid:5383)] Job SalesforceLeadJob (id=27) (queue=default) COMPLETED after 4.1908
I, [2017-07-25T13:19:36.935132 #5383]  INFO -- : 2017-07-25T13:19:36+0530: [Worker(host:Apples-MacBook-Pro-3.local pid:5383)] 1 jobs processed at 0.2374 j/s, 0 failed
I, [2017-07-25T13:20:31.673146 #5383]  INFO -- : 2017-07-25T13:20:31+0530: [Worker(host:Apples-MacBook-Pro-3.local pid:5383)] Exiting...
I, [2017-07-25T13:20:44.045218 #5409]  INFO -- : 2017-07-25T13:20:44+0530: [Worker(host:Apples-MacBook-Pro-3.local pid:5409)] Starting job worker
I, [2017-07-25T13:21:16.280194 #5409]  INFO -- : 2017-07-25T13:21:16+0530: [Worker(host:Apples-MacBook-Pro-3.local pid:5409)] Exiting...
I, [2017-07-25T13:53:01.400108 #5536]  INFO -- : 2017-07-25T13:53:01+0530: [Worker(host:Apples-MacBook-Pro-3.local pid:5536)] Starting job worker
I, [2017-07-25T13:53:01.532688 #5536]  INFO -- : 2017-07-25T13:53:01+0530: [Worker(host:Apples-MacBook-Pro-3.local pid:5536)] Job SalesforceLeadJob (id=28) (queue=default) RUNNING
I, [2017-07-25T13:53:04.908329 #5536]  INFO -- : 2017-07-25T13:53:04+0530: [Worker(host:Apples-MacBook-Pro-3.local pid:5536)] Job SalesforceLeadJob (id=28) (queue=default) COMPLETED after 3.3755
I, [2017-07-25T13:53:04.910130 #5536]  INFO -- : 2017-07-25T13:53:04+0530: [Worker(host:Apples-MacBook-Pro-3.local pid:5536)] 1 jobs processed at 0.2868 j/s, 0 failed
